; Top Design: "MyLibrary_lib:Sparam_vs_Spice:schematic"
; Netlisted using Hierarchy Policy: "Standard"

Options ResourceUsage=yes UseNutmegFormat=no EnableOptim=no TopDesignName="MyLibrary_lib:Sparam_vs_Spice:schematic" DcopOutputNodeVoltages=yes DcopOutputPinCurrents=yes DcopOutputAllSweepPoints=no DcopOutputDcopType=0
Port:Term2  N__0 0 Num=2 Z=50 Ohm Noise=yes 
Port:Term4  N__6 0 Num=4 Z=50 Ohm Noise=yes 
DC:DC1 StatusLevel=2 DevOpPtLevel=0 UseFiniteDiff=no PrintOpPoint=no Restart=1 \
OutputPlan="DC1_Output" 

OutputPlan:DC1_Output \
      Type="Output" \
      UseNodeNestLevel=yes \
      NodeNestLevel=2 \
      UseEquationNestLevel=yes \
      EquationNestLevel=2 \
      UseSavedEquationNestLevel=yes \
      SavedEquationNestLevel=2 \
      UseDeviceCurrentNestLevel=no \
      DeviceCurrentNestLevel=0 \
      DeviceCurrentDeviceType="All" \
      DeviceCurrentSymSyntax=yes \
      UseCurrentNestLevel=yes \
      CurrentNestLevel=999 \
      UseDeviceVoltageNestLevel=no \
      DeviceVoltageNestLevel=0 \
      DeviceVoltageDeviceType="All"

S_Param:SP1 CalcS=yes CalcY=no CalcZ=no GroupDelayAperture=1e-4 FreqConversion=no FreqConversionPort=1 StatusLevel=2 CalcNoise=no SortNoise=0 BandwidthForNoise=1.0 Hz DevOpPtLevel=0 \
SweepVar="freq" SweepPlan="SP1_stim" OutputPlan="SP1_Output" 

SweepPlan: SP1_stim Start=500 MHz Stop=2.0 GHz Step=10 MHz 

OutputPlan:SP1_Output \
      Type="Output" \
      UseEquationNestLevel=yes \
      EquationNestLevel=2 \
      UseSavedEquationNestLevel=yes \
      SavedEquationNestLevel=2

#load "python","LinearCollapse"
Component Module="LinearCollapse" Type="ModelExtractor" NetworkRepresentation=2
Short:I_Probe1  N__11 N__4 Mode=0 SaveCurrent=yes 
#uselib "ckt" , "S2P"
S2P:SNP1  N__7 N__6 0 File="C:\Users\AlejandroAlmela\svn\EAIII_Radar\LNA\simulaciones\modelos\BFU550_Spar_NF\BFU550_03V3_015mA_NF_SP.s2p" Type="touchstone" InterpMode="linear" InterpDom="" ExtrapMode="constant" Temp=27.0 CheckPassivity=0 
Short:DC_Block1  C N__0 Mode=1 
Port:Term1  N__13 0 Num=1 Z=50 Ohm Noise=yes 
Short:DC_Feed2  N__9 B Mode=-1 
Short:DC_Feed1  N__11 C Mode=-1 
Port:Term3  N__7 0 Num=3 Z=50 Ohm Noise=yes 
#uselib "BFU5XX_family_design_kit_v2" , "bfu5xx_v2_lib_BFU550W_schematic"
"bfu5xx_v2_lib_BFU550W_schematic":X1  B C N__5 
Short:DC_Block2  N__13 B Mode=1 
V_Source:SRC1  N__4 0 Type="V_DC" Vdc=3.6 V SaveCurrent=1 
V_Source:SRC2  N__9 0 Type="V_DC" Vdc=VBB V SaveCurrent=1 

VBB=0.848 notune{ 0.8 to 0.9 by 0.001 }
L:L1  N__5 0 L=0.50 pH R=1 Noise=yes  
