Added Component: Designator=P1(SMA-142-0701-851_V2)
Add component (AddParameter): Name = "LatestRevisionDate"; Value = "17-Jul-2002"; VariantName = "[No Variations]"
Add component (AddParameter): Name = "LatestRevisionNote"; Value = "Re-released for DXP Platform."; VariantName = "[No Variations]"
Add component (AddParameter): Name = "Publisher"; Value = "Altium Limited"; VariantName = "[No Variations]"
Added Component: Designator=RF input1(SMA-142-0701-851_V2)
Add component (AddParameter): Name = "LatestRevisionDate"; Value = "17-Jul-2002"; VariantName = "[No Variations]"
Add component (AddParameter): Name = "LatestRevisionNote"; Value = "Re-released for DXP Platform."; VariantName = "[No Variations]"
Add component (AddParameter): Name = "Publisher"; Value = "Altium Limited"; VariantName = "[No Variations]"
Added Component: Designator=SMA1(SMA-142-0701-851_V2)
Add component (AddParameter): Name = "LatestRevisionDate"; Value = "17-Jul-2002"; VariantName = "[No Variations]"
Add component (AddParameter): Name = "LatestRevisionNote"; Value = "Re-released for DXP Platform."; VariantName = "[No Variations]"
Add component (AddParameter): Name = "Publisher"; Value = "Altium Limited"; VariantName = "[No Variations]"
Added Component: Designator=U1(HHM-6_1P6X0P8)
Add component (AddParameter): Name = "Mfr_Name"; Value = "TDK"; VariantName = "[No Variations]"
Add component (AddParameter): Name = "RefDes"; Value = "RefDes"; VariantName = "[No Variations]"
Add component (AddParameter): Name = "Type"; Value = "Type"; VariantName = "[No Variations]"
Added Pin To Net: NetName=GND Pin=P1-2
Added Pin To Net: NetName=GND Pin=P1-2
Added Pin To Net: NetName=GND Pin=P1-2
Added Pin To Net: NetName=GND Pin=P1-2
Added Pin To Net: NetName=GND Pin=RF input1-2
Added Pin To Net: NetName=GND Pin=RF input1-2
Added Pin To Net: NetName=GND Pin=RF input1-2
Added Pin To Net: NetName=GND Pin=RF input1-2
Added Pin To Net: NetName=GND Pin=SMA1-2
Added Pin To Net: NetName=GND Pin=SMA1-2
Added Pin To Net: NetName=GND Pin=SMA1-2
Added Pin To Net: NetName=GND Pin=SMA1-2
Added Pin To Net: NetName=GND Pin=U1-2
Added Pin To Net: NetName=GND Pin=U1-5
Added Net: Name=GND
Added Pin To Net: NetName=NetP1_1 Pin=P1-1
Added Pin To Net: NetName=NetP1_1 Pin=U1-6
Added Net: Name=NetP1_1
Added Pin To Net: NetName=NetR1_2 Pin=U1-4
Added Net: Name=NetR1_2
Added Pin To Net: NetName=NetRF input1_1 Pin=RF input1-1
Added Pin To Net: NetName=NetRF input1_1 Pin=U1-1
Added Net: Name=NetRF input1_1
Added Pin To Net: NetName=NetSMA1_1 Pin=SMA1-1
Added Pin To Net: NetName=NetSMA1_1 Pin=U1-3
Added Net: Name=NetSMA1_1
Added Class: Name=Directional_Coupler
Added Room: Name=Directional_Coupler
