Replace Part +V_IF Header 3 in C:\Users\AlejandroAlmela\svn\EAIII_Radar\Completo\Radar_labo_EAIII_2024 (8-9-2024 10-32-14)\Amp_IF (4-7-2024 21-57-04)\Amp_IF.SchDoc with Header 3 from Miscellaneous Connectors.IntLib
Replace Part -V_IF Header 3 in C:\Users\AlejandroAlmela\svn\EAIII_Radar\Completo\Radar_labo_EAIII_2024 (8-9-2024 10-32-14)\Amp_IF (4-7-2024 21-57-04)\Amp_IF.SchDoc with Header 3 from Miscellaneous Connectors.IntLib
Replace Part C53 Cap in C:\Users\AlejandroAlmela\svn\EAIII_Radar\Completo\Radar_labo_EAIII_2024 (8-9-2024 10-32-14)\Amp_IF (4-7-2024 21-57-04)\Amp_IF.SchDoc with Cap from Radar_RF_EAIII.IntLib
Replace Part C54 Cap in C:\Users\AlejandroAlmela\svn\EAIII_Radar\Completo\Radar_labo_EAIII_2024 (8-9-2024 10-32-14)\Amp_IF (4-7-2024 21-57-04)\Amp_IF.SchDoc with Cap from Radar_RF_EAIII.IntLib
Replace Part C55 Cap in C:\Users\AlejandroAlmela\svn\EAIII_Radar\Completo\Radar_labo_EAIII_2024 (8-9-2024 10-32-14)\Amp_IF (4-7-2024 21-57-04)\Amp_IF.SchDoc with Cap from Radar_RF_EAIII.IntLib
Replace Part C56 Cap in C:\Users\AlejandroAlmela\svn\EAIII_Radar\Completo\Radar_labo_EAIII_2024 (8-9-2024 10-32-14)\Amp_IF (4-7-2024 21-57-04)\Amp_IF.SchDoc with Cap from Radar_RF_EAIII.IntLib
Replace Part C57 Cap in C:\Users\AlejandroAlmela\svn\EAIII_Radar\Completo\Radar_labo_EAIII_2024 (8-9-2024 10-32-14)\Amp_IF (4-7-2024 21-57-04)\Amp_IF.SchDoc with Cap from Radar_RF_EAIII.IntLib
Replace Part C58 Cap in C:\Users\AlejandroAlmela\svn\EAIII_Radar\Completo\Radar_labo_EAIII_2024 (8-9-2024 10-32-14)\Amp_IF (4-7-2024 21-57-04)\Amp_IF.SchDoc with Cap from Radar_RF_EAIII.IntLib
Replace Part C59 Cap in C:\Users\AlejandroAlmela\svn\EAIII_Radar\Completo\Radar_labo_EAIII_2024 (8-9-2024 10-32-14)\Amp_IF (4-7-2024 21-57-04)\Amp_IF.SchDoc with Cap from Radar_RF_EAIII.IntLib
Replace Part C60 Cap in C:\Users\AlejandroAlmela\svn\EAIII_Radar\Completo\Radar_labo_EAIII_2024 (8-9-2024 10-32-14)\Amp_IF (4-7-2024 21-57-04)\Amp_IF.SchDoc with Cap from Radar_RF_EAIII.IntLib
Replace Part Cn1 Cap in C:\Users\AlejandroAlmela\svn\EAIII_Radar\Completo\Radar_labo_EAIII_2024 (8-9-2024 10-32-14)\Amp_IF (4-7-2024 21-57-04)\Amp_IF.SchDoc with Cap from Radar_RF_EAIII.IntLib
Replace Part Cn2 Cap in C:\Users\AlejandroAlmela\svn\EAIII_Radar\Completo\Radar_labo_EAIII_2024 (8-9-2024 10-32-14)\Amp_IF (4-7-2024 21-57-04)\Amp_IF.SchDoc with Cap from Radar_RF_EAIII.IntLib
Replace Part Cp1 Cap in C:\Users\AlejandroAlmela\svn\EAIII_Radar\Completo\Radar_labo_EAIII_2024 (8-9-2024 10-32-14)\Amp_IF (4-7-2024 21-57-04)\Amp_IF.SchDoc with Cap from Radar_RF_EAIII.IntLib
Replace Part Cp2 Cap in C:\Users\AlejandroAlmela\svn\EAIII_Radar\Completo\Radar_labo_EAIII_2024 (8-9-2024 10-32-14)\Amp_IF (4-7-2024 21-57-04)\Amp_IF.SchDoc with Cap from Radar_RF_EAIII.IntLib
Replace Part IN_IF SMA in C:\Users\AlejandroAlmela\svn\EAIII_Radar\Completo\Radar_labo_EAIII_2024 (8-9-2024 10-32-14)\Amp_IF (4-7-2024 21-57-04)\Amp_IF.SchDoc with SMA from Radar_RF_EAIII.IntLib
Replace Part OUT_IF SMA in C:\Users\AlejandroAlmela\svn\EAIII_Radar\Completo\Radar_labo_EAIII_2024 (8-9-2024 10-32-14)\Amp_IF (4-7-2024 21-57-04)\Amp_IF.SchDoc with SMA from Radar_RF_EAIII.IntLib
Replace Part R14 Resistor in C:\Users\AlejandroAlmela\svn\EAIII_Radar\Completo\Radar_labo_EAIII_2024 (8-9-2024 10-32-14)\Amp_IF (4-7-2024 21-57-04)\Amp_IF.SchDoc with Resistor from Radar_RF_EAIII.IntLib
Replace Part R15 Resistor in C:\Users\AlejandroAlmela\svn\EAIII_Radar\Completo\Radar_labo_EAIII_2024 (8-9-2024 10-32-14)\Amp_IF (4-7-2024 21-57-04)\Amp_IF.SchDoc with Resistor from Radar_RF_EAIII.IntLib
Replace Part R16 Resistor in C:\Users\AlejandroAlmela\svn\EAIII_Radar\Completo\Radar_labo_EAIII_2024 (8-9-2024 10-32-14)\Amp_IF (4-7-2024 21-57-04)\Amp_IF.SchDoc with Resistor from Radar_RF_EAIII.IntLib
Replace Part R17 Resistor in C:\Users\AlejandroAlmela\svn\EAIII_Radar\Completo\Radar_labo_EAIII_2024 (8-9-2024 10-32-14)\Amp_IF (4-7-2024 21-57-04)\Amp_IF.SchDoc with Resistor from Radar_RF_EAIII.IntLib
Replace Part R18 Resistor in C:\Users\AlejandroAlmela\svn\EAIII_Radar\Completo\Radar_labo_EAIII_2024 (8-9-2024 10-32-14)\Amp_IF (4-7-2024 21-57-04)\Amp_IF.SchDoc with Resistor from Radar_RF_EAIII.IntLib
Replace Part R19 Resistor in C:\Users\AlejandroAlmela\svn\EAIII_Radar\Completo\Radar_labo_EAIII_2024 (8-9-2024 10-32-14)\Amp_IF (4-7-2024 21-57-04)\Amp_IF.SchDoc with Resistor from Radar_RF_EAIII.IntLib
Replace Part R20 Resistor in C:\Users\AlejandroAlmela\svn\EAIII_Radar\Completo\Radar_labo_EAIII_2024 (8-9-2024 10-32-14)\Amp_IF (4-7-2024 21-57-04)\Amp_IF.SchDoc with Resistor from Radar_RF_EAIII.IntLib
Replace Part R21 Resistor in C:\Users\AlejandroAlmela\svn\EAIII_Radar\Completo\Radar_labo_EAIII_2024 (8-9-2024 10-32-14)\Amp_IF (4-7-2024 21-57-04)\Amp_IF.SchDoc with Resistor from Radar_RF_EAIII.IntLib
Replace Part R22 Resistor in C:\Users\AlejandroAlmela\svn\EAIII_Radar\Completo\Radar_labo_EAIII_2024 (8-9-2024 10-32-14)\Amp_IF (4-7-2024 21-57-04)\Amp_IF.SchDoc with Resistor from Radar_RF_EAIII.IntLib
Replace Part R23 Resistor in C:\Users\AlejandroAlmela\svn\EAIII_Radar\Completo\Radar_labo_EAIII_2024 (8-9-2024 10-32-14)\Amp_IF (4-7-2024 21-57-04)\Amp_IF.SchDoc with Resistor from Radar_RF_EAIII.IntLib
Replace Part R24 Resistor in C:\Users\AlejandroAlmela\svn\EAIII_Radar\Completo\Radar_labo_EAIII_2024 (8-9-2024 10-32-14)\Amp_IF (4-7-2024 21-57-04)\Amp_IF.SchDoc with Resistor from Radar_RF_EAIII.IntLib
Replace Part R25 Resistor in C:\Users\AlejandroAlmela\svn\EAIII_Radar\Completo\Radar_labo_EAIII_2024 (8-9-2024 10-32-14)\Amp_IF (4-7-2024 21-57-04)\Amp_IF.SchDoc with Resistor from Radar_RF_EAIII.IntLib
Replace Part R26 Resistor in C:\Users\AlejandroAlmela\svn\EAIII_Radar\Completo\Radar_labo_EAIII_2024 (8-9-2024 10-32-14)\Amp_IF (4-7-2024 21-57-04)\Amp_IF.SchDoc with Resistor from Radar_RF_EAIII.IntLib
Replace Part R27 Resistor in C:\Users\AlejandroAlmela\svn\EAIII_Radar\Completo\Radar_labo_EAIII_2024 (8-9-2024 10-32-14)\Amp_IF (4-7-2024 21-57-04)\Amp_IF.SchDoc with Resistor from Radar_RF_EAIII.IntLib
Replace Part R28 Resistor in C:\Users\AlejandroAlmela\svn\EAIII_Radar\Completo\Radar_labo_EAIII_2024 (8-9-2024 10-32-14)\Amp_IF (4-7-2024 21-57-04)\Amp_IF.SchDoc with Resistor from Radar_RF_EAIII.IntLib
Replace Part R29 Resistor in C:\Users\AlejandroAlmela\svn\EAIII_Radar\Completo\Radar_labo_EAIII_2024 (8-9-2024 10-32-14)\Amp_IF (4-7-2024 21-57-04)\Amp_IF.SchDoc with Resistor from Radar_RF_EAIII.IntLib
Replace Part U5 LMP7712MMNOPB in C:\Users\AlejandroAlmela\svn\EAIII_Radar\Completo\Radar_labo_EAIII_2024 (8-9-2024 10-32-14)\Amp_IF (4-7-2024 21-57-04)\Amp_IF.SchDoc with LMP7712MMNOPB from Radar_RF_EAIII.IntLib
Replace Part U5 LMP7712MMNOPB in C:\Users\AlejandroAlmela\svn\EAIII_Radar\Completo\Radar_labo_EAIII_2024 (8-9-2024 10-32-14)\Amp_IF (4-7-2024 21-57-04)\Amp_IF.SchDoc with LMP7712MMNOPB from Radar_RF_EAIII.IntLib
Replace Part U6 OPA2322AIDGKR_1 in C:\Users\AlejandroAlmela\svn\EAIII_Radar\Completo\Radar_labo_EAIII_2024 (8-9-2024 10-32-14)\Amp_IF (4-7-2024 21-57-04)\Amp_IF.SchDoc with OPA2322AIDGKR_1 from Radar_RF_EAIII.IntLib
Replace Part U6 OPA2322AIDGKR_1 in C:\Users\AlejandroAlmela\svn\EAIII_Radar\Completo\Radar_labo_EAIII_2024 (8-9-2024 10-32-14)\Amp_IF (4-7-2024 21-57-04)\Amp_IF.SchDoc with OPA2322AIDGKR_1 from Radar_RF_EAIII.IntLib
