Replace Part C1 Cap in C:\Users\AlejandroAlmela\svn\EAIII_Radar\Completo\Radar_labo_EAIII_2024 (8-9-2024 10-32-14)\mixer_30mil_1GHz (4-7-2024 21-56-30)\mixer_30mil_1GHz.SchDoc with Cap from Radar_RF_EAIII.IntLib
Replace Part C2 Cap in C:\Users\AlejandroAlmela\svn\EAIII_Radar\Completo\Radar_labo_EAIII_2024 (8-9-2024 10-32-14)\mixer_30mil_1GHz (4-7-2024 21-56-30)\mixer_30mil_1GHz.SchDoc with Cap from Radar_RF_EAIII.IntLib
Replace Part C3 Cap in C:\Users\AlejandroAlmela\svn\EAIII_Radar\Completo\Radar_labo_EAIII_2024 (8-9-2024 10-32-14)\mixer_30mil_1GHz (4-7-2024 21-56-30)\mixer_30mil_1GHz.SchDoc with Cap from Radar_RF_EAIII.IntLib
Replace Part C4 Cap in C:\Users\AlejandroAlmela\svn\EAIII_Radar\Completo\Radar_labo_EAIII_2024 (8-9-2024 10-32-14)\mixer_30mil_1GHz (4-7-2024 21-56-30)\mixer_30mil_1GHz.SchDoc with Cap from Radar_RF_EAIII.IntLib
Replace Part C5 Cap in C:\Users\AlejandroAlmela\svn\EAIII_Radar\Completo\Radar_labo_EAIII_2024 (8-9-2024 10-32-14)\mixer_30mil_1GHz (4-7-2024 21-56-30)\mixer_30mil_1GHz.SchDoc with Cap from Radar_RF_EAIII.IntLib
Replace Part C6 Cap in C:\Users\AlejandroAlmela\svn\EAIII_Radar\Completo\Radar_labo_EAIII_2024 (8-9-2024 10-32-14)\mixer_30mil_1GHz (4-7-2024 21-56-30)\mixer_30mil_1GHz.SchDoc with Cap from Radar_RF_EAIII.IntLib
Replace Part C7 Cap in C:\Users\AlejandroAlmela\svn\EAIII_Radar\Completo\Radar_labo_EAIII_2024 (8-9-2024 10-32-14)\mixer_30mil_1GHz (4-7-2024 21-56-30)\mixer_30mil_1GHz.SchDoc with Cap from Radar_RF_EAIII.IntLib
Replace Part C8 Cap in C:\Users\AlejandroAlmela\svn\EAIII_Radar\Completo\Radar_labo_EAIII_2024 (8-9-2024 10-32-14)\mixer_30mil_1GHz (4-7-2024 21-56-30)\mixer_30mil_1GHz.SchDoc with Cap from Radar_RF_EAIII.IntLib
Replace Part C9 Cap in C:\Users\AlejandroAlmela\svn\EAIII_Radar\Completo\Radar_labo_EAIII_2024 (8-9-2024 10-32-14)\mixer_30mil_1GHz (4-7-2024 21-56-30)\mixer_30mil_1GHz.SchDoc with Cap from Radar_RF_EAIII.IntLib
Replace Part C10 Cap in C:\Users\AlejandroAlmela\svn\EAIII_Radar\Completo\Radar_labo_EAIII_2024 (8-9-2024 10-32-14)\mixer_30mil_1GHz (4-7-2024 21-56-30)\mixer_30mil_1GHz.SchDoc with Cap from Radar_RF_EAIII.IntLib
Replace Part C11 Cap in C:\Users\AlejandroAlmela\svn\EAIII_Radar\Completo\Radar_labo_EAIII_2024 (8-9-2024 10-32-14)\mixer_30mil_1GHz (4-7-2024 21-56-30)\mixer_30mil_1GHz.SchDoc with Cap from Radar_RF_EAIII.IntLib
Replace Part L1 LQW18 in C:\Users\AlejandroAlmela\svn\EAIII_Radar\Completo\Radar_labo_EAIII_2024 (8-9-2024 10-32-14)\mixer_30mil_1GHz (4-7-2024 21-56-30)\mixer_30mil_1GHz.SchDoc with LQW18 from Radar_RF_EAIII.IntLib
Replace Part L2 LQW18 in C:\Users\AlejandroAlmela\svn\EAIII_Radar\Completo\Radar_labo_EAIII_2024 (8-9-2024 10-32-14)\mixer_30mil_1GHz (4-7-2024 21-56-30)\mixer_30mil_1GHz.SchDoc with LQW18 from Radar_RF_EAIII.IntLib
Replace Part L3 LQW18 in C:\Users\AlejandroAlmela\svn\EAIII_Radar\Completo\Radar_labo_EAIII_2024 (8-9-2024 10-32-14)\mixer_30mil_1GHz (4-7-2024 21-56-30)\mixer_30mil_1GHz.SchDoc with LQW18 from Radar_RF_EAIII.IntLib
Replace Part L4 LQW18 in C:\Users\AlejandroAlmela\svn\EAIII_Radar\Completo\Radar_labo_EAIII_2024 (8-9-2024 10-32-14)\mixer_30mil_1GHz (4-7-2024 21-56-30)\mixer_30mil_1GHz.SchDoc with LQW18 from Radar_RF_EAIII.IntLib
Replace Part L5 LQW18 in C:\Users\AlejandroAlmela\svn\EAIII_Radar\Completo\Radar_labo_EAIII_2024 (8-9-2024 10-32-14)\mixer_30mil_1GHz (4-7-2024 21-56-30)\mixer_30mil_1GHz.SchDoc with LQW18 from Radar_RF_EAIII.IntLib
Replace Part L6 LQW18 in C:\Users\AlejandroAlmela\svn\EAIII_Radar\Completo\Radar_labo_EAIII_2024 (8-9-2024 10-32-14)\mixer_30mil_1GHz (4-7-2024 21-56-30)\mixer_30mil_1GHz.SchDoc with LQW18 from Radar_RF_EAIII.IntLib
Replace Part L7 LQW18 in C:\Users\AlejandroAlmela\svn\EAIII_Radar\Completo\Radar_labo_EAIII_2024 (8-9-2024 10-32-14)\mixer_30mil_1GHz (4-7-2024 21-56-30)\mixer_30mil_1GHz.SchDoc with LQW18 from Radar_RF_EAIII.IntLib
Replace Part U1 BGA2866,115 in C:\Users\AlejandroAlmela\svn\EAIII_Radar\Completo\Radar_labo_EAIII_2024 (8-9-2024 10-32-14)\mixer_30mil_1GHz (4-7-2024 21-56-30)\mixer_30mil_1GHz.SchDoc with BGA2866,115 from Radar_RF_EAIII.IntLib
Replace Part U2 BAT1504W in C:\Users\AlejandroAlmela\svn\EAIII_Radar\Completo\Radar_labo_EAIII_2024 (8-9-2024 10-32-14)\mixer_30mil_1GHz (4-7-2024 21-56-30)\mixer_30mil_1GHz.SchDoc with BAT1504W from Radar_RF_EAIII.IntLib
Replace Part Vmin HTSW-103-XX-X-S in C:\Users\AlejandroAlmela\svn\EAIII_Radar\Completo\Radar_labo_EAIII_2024 (8-9-2024 10-32-14)\mixer_30mil_1GHz (4-7-2024 21-56-30)\mixer_30mil_1GHz.SchDoc with HTSW-103-XX-X-S from HTSW-103-XX-X-S.IntLib
