Replace Part +V_VCO HTSW-103-XX-X-S in C:\Users\AlejandroAlmela\svn\EAIII_Radar\Completo\Radar_labo_EAIII_2024 (8-9-2024 10-32-14)\VCO_BFP460 (4-7-2024 21-55-07)\VCO_BFP420.SchDoc with HTSW-103-XX-X-S from HTSW-103-XX-X-S.IntLib
Replace Part C12 Cap in C:\Users\AlejandroAlmela\svn\EAIII_Radar\Completo\Radar_labo_EAIII_2024 (8-9-2024 10-32-14)\VCO_BFP460 (4-7-2024 21-55-07)\VCO_BFP420.SchDoc with Cap from Radar_RF_EAIII.IntLib
Replace Part C13 Cap in C:\Users\AlejandroAlmela\svn\EAIII_Radar\Completo\Radar_labo_EAIII_2024 (8-9-2024 10-32-14)\VCO_BFP460 (4-7-2024 21-55-07)\VCO_BFP420.SchDoc with Cap from Radar_RF_EAIII.IntLib
Replace Part C15 Cap in C:\Users\AlejandroAlmela\svn\EAIII_Radar\Completo\Radar_labo_EAIII_2024 (8-9-2024 10-32-14)\VCO_BFP460 (4-7-2024 21-55-07)\VCO_BFP420.SchDoc with Cap from Radar_RF_EAIII.IntLib
Replace Part C16 Cap in C:\Users\AlejandroAlmela\svn\EAIII_Radar\Completo\Radar_labo_EAIII_2024 (8-9-2024 10-32-14)\VCO_BFP460 (4-7-2024 21-55-07)\VCO_BFP420.SchDoc with Cap from Radar_RF_EAIII.IntLib
Replace Part C17 Cap in C:\Users\AlejandroAlmela\svn\EAIII_Radar\Completo\Radar_labo_EAIII_2024 (8-9-2024 10-32-14)\VCO_BFP460 (4-7-2024 21-55-07)\VCO_BFP420.SchDoc with Cap from Radar_RF_EAIII.IntLib
Replace Part C18 Cap in C:\Users\AlejandroAlmela\svn\EAIII_Radar\Completo\Radar_labo_EAIII_2024 (8-9-2024 10-32-14)\VCO_BFP460 (4-7-2024 21-55-07)\VCO_BFP420.SchDoc with Cap from Radar_RF_EAIII.IntLib
Replace Part C19 Cap in C:\Users\AlejandroAlmela\svn\EAIII_Radar\Completo\Radar_labo_EAIII_2024 (8-9-2024 10-32-14)\VCO_BFP460 (4-7-2024 21-55-07)\VCO_BFP420.SchDoc with Cap from Radar_RF_EAIII.IntLib
Replace Part C20 Cap in C:\Users\AlejandroAlmela\svn\EAIII_Radar\Completo\Radar_labo_EAIII_2024 (8-9-2024 10-32-14)\VCO_BFP460 (4-7-2024 21-55-07)\VCO_BFP420.SchDoc with Cap from Radar_RF_EAIII.IntLib
Replace Part C21 Cap in C:\Users\AlejandroAlmela\svn\EAIII_Radar\Completo\Radar_labo_EAIII_2024 (8-9-2024 10-32-14)\VCO_BFP460 (4-7-2024 21-55-07)\VCO_BFP420.SchDoc with Cap from Radar_RF_EAIII.IntLib
Replace Part D1 D Varactor in C:\Users\AlejandroAlmela\svn\EAIII_Radar\Completo\Radar_labo_EAIII_2024 (8-9-2024 10-32-14)\VCO_BFP460 (4-7-2024 21-55-07)\VCO_BFP420.SchDoc with D Varactor from Radar_RF_EAIII.IntLib
Replace Part L8 LQW18 in C:\Users\AlejandroAlmela\svn\EAIII_Radar\Completo\Radar_labo_EAIII_2024 (8-9-2024 10-32-14)\VCO_BFP460 (4-7-2024 21-55-07)\VCO_BFP420.SchDoc with LQW18 from Radar_RF_EAIII.IntLib
Replace Part L9 LQW18 in C:\Users\AlejandroAlmela\svn\EAIII_Radar\Completo\Radar_labo_EAIII_2024 (8-9-2024 10-32-14)\VCO_BFP460 (4-7-2024 21-55-07)\VCO_BFP420.SchDoc with LQW18 from Radar_RF_EAIII.IntLib
Replace Part OUT_VCO SMA in C:\Users\AlejandroAlmela\svn\EAIII_Radar\Completo\Radar_labo_EAIII_2024 (8-9-2024 10-32-14)\VCO_BFP460 (4-7-2024 21-55-07)\VCO_BFP420.SchDoc with SMA from Radar_RF_EAIII.IntLib
Replace Part R1 Resistor in C:\Users\AlejandroAlmela\svn\EAIII_Radar\Completo\Radar_labo_EAIII_2024 (8-9-2024 10-32-14)\VCO_BFP460 (4-7-2024 21-55-07)\VCO_BFP420.SchDoc with Resistor from Radar_RF_EAIII.IntLib
Replace Part R2 Resistor in C:\Users\AlejandroAlmela\svn\EAIII_Radar\Completo\Radar_labo_EAIII_2024 (8-9-2024 10-32-14)\VCO_BFP460 (4-7-2024 21-55-07)\VCO_BFP420.SchDoc with Resistor from Radar_RF_EAIII.IntLib
Replace Part R3 Resistor in C:\Users\AlejandroAlmela\svn\EAIII_Radar\Completo\Radar_labo_EAIII_2024 (8-9-2024 10-32-14)\VCO_BFP460 (4-7-2024 21-55-07)\VCO_BFP420.SchDoc with Resistor from Radar_RF_EAIII.IntLib
Replace Part R4 Resistor in C:\Users\AlejandroAlmela\svn\EAIII_Radar\Completo\Radar_labo_EAIII_2024 (8-9-2024 10-32-14)\VCO_BFP460 (4-7-2024 21-55-07)\VCO_BFP420.SchDoc with Resistor from Radar_RF_EAIII.IntLib
Replace Part R5 Resistor in C:\Users\AlejandroAlmela\svn\EAIII_Radar\Completo\Radar_labo_EAIII_2024 (8-9-2024 10-32-14)\VCO_BFP460 (4-7-2024 21-55-07)\VCO_BFP420.SchDoc with Resistor from Radar_RF_EAIII.IntLib
Replace Part R6 Resistor in C:\Users\AlejandroAlmela\svn\EAIII_Radar\Completo\Radar_labo_EAIII_2024 (8-9-2024 10-32-14)\VCO_BFP460 (4-7-2024 21-55-07)\VCO_BFP420.SchDoc with Resistor from Radar_RF_EAIII.IntLib
Replace Part Vtune SMA in C:\Users\AlejandroAlmela\svn\EAIII_Radar\Completo\Radar_labo_EAIII_2024 (8-9-2024 10-32-14)\VCO_BFP460 (4-7-2024 21-55-07)\VCO_BFP420.SchDoc with SMA from Radar_RF_EAIII.IntLib
