Change Component Designator: OldDesignator=C5 NewDesignator=C1
Change Component Designator: OldDesignator=C6 NewDesignator=C2
Change Component Designator: OldDesignator=C7 NewDesignator=C3
Change Component Designator: OldDesignator=C8 NewDesignator=C4
Change Component Designator: OldDesignator=C9 NewDesignator=C5
Change Component Designator: OldDesignator=C10 NewDesignator=C6
Change Component Designator: OldDesignator=C11 NewDesignator=C7
Change Component Designator: OldDesignator=C12 NewDesignator=C8
Change Component Designator: OldDesignator=L3 NewDesignator=L1
Change Component Designator: OldDesignator=L4 NewDesignator=L2
Change Component Designator: OldDesignator=L5 NewDesignator=L3
Change Component Designator: OldDesignator=L6 NewDesignator=L4
Change Component Designator: OldDesignator=L7 NewDesignator=L5
Change Component Designator: OldDesignator=L8 NewDesignator=L6
Change Component Designator: OldDesignator=L9 NewDesignator=L7
Change Component Designator: OldDesignator=P7 NewDesignator=P1
Change Component Designator: OldDesignator=P8 NewDesignator=P2
Change Component Designator: OldDesignator=P9 NewDesignator=P3
Change Component Designator: OldDesignator=U3 NewDesignator=U1
Change Net Name : Old Net Name=NetC5_1 New Net Name=NetC1_1
Change Net Name : Old Net Name=NetC6_1 New Net Name=NetC2_1
Change Net Name : Old Net Name=NetC7_1 New Net Name=NetC3_1
Change Net Name : Old Net Name=NetC7_2 New Net Name=NetC3_2
Change Net Name : Old Net Name=NetC8_2 New Net Name=NetC4_2
Change Net Name : Old Net Name=NetC9_2 New Net Name=NetC5_2
Change Net Name : Old Net Name=NetC10_2 New Net Name=NetC6_2
Change Net Name : Old Net Name=NetL6_1 New Net Name=NetL4_1
