Removed Pin From Net: NetName=NetC2_1 Pin=P3-1
Removed Pin From Net: NetName=NetC1_1 Pin=U?-3
Removed Member From Class: ClassName=mixer_30mil_1GHz Member=*
Removed Member From Class: ClassName=mixer_30mil_1GHz Member=U?
Change Component Footprint: Designator=C1 Old Footprint=6-0805_N New Footprint=CAPC1608X90N
Change Component Footprint: Designator=C2 Old Footprint=6-0805_N New Footprint=CAPC1608X90N
Change Component Footprint: Designator=L1 Old Footprint=6-0805_N New Footprint=INDC1608X100N
Change Component Comment : Designator=C1 Old Comment=10uF New Comment=Cap 0603
Change Component Comment : Designator=C2 Old Comment=10uF New Comment=Cap 0603
Change Component Comment : Designator=L1 Old Comment=120nHy New Comment=LQW18
Change component parameters: Designator = "C1" ("C1"); Footprint = "6-0805_N"; UniqueID = "\XDXEDVPS" ("\XDXEDVPS")
Change component parameters (AddParameter): Name = "LatestRevisionDate"; Value = "17-Jul-2002"; VariantName = "[No Variations]"
Change component parameters (AddParameter): Name = "LatestRevisionNote"; Value = "Re-released for DXP Platform."; VariantName = "[No Variations]"
Change component parameters (AddParameter): Name = "PackageDescription"; Value = "Polarized Capacitor; 2 Leads"; VariantName = "[No Variations]"
Change component parameters (AddParameter): Name = "PackageReference"; Value = "POLAR0.8"; VariantName = "[No Variations]"
Change component parameters (AddParameter): Name = "Published"; Value = "8-Jun-2000"; VariantName = "[No Variations]"
Change component parameters (AddParameter): Name = "Publisher"; Value = "Altium Limited"; VariantName = "[No Variations]"
Change component parameters (AddParameter): Name = "Supplier 1"; Value = "Mouser"; VariantName = "[No Variations]"
Change component parameters (AddParameter): Name = "Value"; Value = "0.6pF"; VariantName = "[No Variations]"
Change component parameters: Designator = "C2" ("C2"); Footprint = "6-0805_N"; UniqueID = "\ULYZLCHQ" ("\ULYZLCHQ")
Change component parameters (AddParameter): Name = "LatestRevisionDate"; Value = "17-Jul-2002"; VariantName = "[No Variations]"
Change component parameters (AddParameter): Name = "LatestRevisionNote"; Value = "Re-released for DXP Platform."; VariantName = "[No Variations]"
Change component parameters (AddParameter): Name = "PackageDescription"; Value = "Polarized Capacitor; 2 Leads"; VariantName = "[No Variations]"
Change component parameters (AddParameter): Name = "PackageReference"; Value = "POLAR0.8"; VariantName = "[No Variations]"
Change component parameters (AddParameter): Name = "Published"; Value = "8-Jun-2000"; VariantName = "[No Variations]"
Change component parameters (AddParameter): Name = "Publisher"; Value = "Altium Limited"; VariantName = "[No Variations]"
Change component parameters (AddParameter): Name = "Supplier 1"; Value = "Mouser"; VariantName = "[No Variations]"
Change component parameters (AddParameter): Name = "Value"; Value = "0.6pF"; VariantName = "[No Variations]"
Change component parameters: Designator = "L1" ("L1"); Footprint = "6-0805_N"; UniqueID = "\SPLHFFHQ" ("\SPLHFFHQ")
Change component parameters (AddParameter): Name = "Availability"; Value = "Unavailable"; VariantName = "[No Variations]"
Change component parameters (AddParameter): Name = "MF"; Value = ""; VariantName = "[No Variations]"
Change component parameters (AddParameter): Name = "MP"; Value = "LQW18AN18NJ00D"; VariantName = "[No Variations]"
Change component parameters (AddParameter): Name = "Package"; Value = "None"; VariantName = "[No Variations]"
Change component parameters (AddParameter): Name = "Parameter 1"; Value = "LQW0603"; VariantName = "[No Variations]"
Change component parameters (AddParameter): Name = "Price"; Value = "None"; VariantName = "[No Variations]"
Change component parameters (AddParameter): Name = "Value"; Value = "1nHy"; VariantName = "[No Variations]"
Added Component: Designator=C3(CAPC1608X90N)
Add component (AddParameter): Name = "LatestRevisionDate"; Value = "17-Jul-2002"; VariantName = "[No Variations]"
Add component (AddParameter): Name = "LatestRevisionNote"; Value = "Re-released for DXP Platform."; VariantName = "[No Variations]"
Add component (AddParameter): Name = "PackageDescription"; Value = "Polarized Capacitor; 2 Leads"; VariantName = "[No Variations]"
Add component (AddParameter): Name = "PackageReference"; Value = "POLAR0.8"; VariantName = "[No Variations]"
Add component (AddParameter): Name = "Published"; Value = "8-Jun-2000"; VariantName = "[No Variations]"
Add component (AddParameter): Name = "Publisher"; Value = "Altium Limited"; VariantName = "[No Variations]"
Add component (AddParameter): Name = "Supplier 1"; Value = "Mouser"; VariantName = "[No Variations]"
Add component (AddParameter): Name = "Value"; Value = "0.6pF"; VariantName = "[No Variations]"
Added Component: Designator=C4(CAPC1608X90N)
Add component (AddParameter): Name = "LatestRevisionDate"; Value = "17-Jul-2002"; VariantName = "[No Variations]"
Add component (AddParameter): Name = "LatestRevisionNote"; Value = "Re-released for DXP Platform."; VariantName = "[No Variations]"
Add component (AddParameter): Name = "PackageDescription"; Value = "Polarized Capacitor; 2 Leads"; VariantName = "[No Variations]"
Add component (AddParameter): Name = "PackageReference"; Value = "POLAR0.8"; VariantName = "[No Variations]"
Add component (AddParameter): Name = "Published"; Value = "8-Jun-2000"; VariantName = "[No Variations]"
Add component (AddParameter): Name = "Publisher"; Value = "Altium Limited"; VariantName = "[No Variations]"
Add component (AddParameter): Name = "Supplier 1"; Value = "Mouser"; VariantName = "[No Variations]"
Add component (AddParameter): Name = "Value"; Value = "0.6pF"; VariantName = "[No Variations]"
Added Component: Designator=C5(CAPC1608X90N)
Add component (AddParameter): Name = "LatestRevisionDate"; Value = "17-Jul-2002"; VariantName = "[No Variations]"
Add component (AddParameter): Name = "LatestRevisionNote"; Value = "Re-released for DXP Platform."; VariantName = "[No Variations]"
Add component (AddParameter): Name = "PackageDescription"; Value = "Polarized Capacitor; 2 Leads"; VariantName = "[No Variations]"
Add component (AddParameter): Name = "PackageReference"; Value = "POLAR0.8"; VariantName = "[No Variations]"
Add component (AddParameter): Name = "Published"; Value = "8-Jun-2000"; VariantName = "[No Variations]"
Add component (AddParameter): Name = "Publisher"; Value = "Altium Limited"; VariantName = "[No Variations]"
Add component (AddParameter): Name = "Supplier 1"; Value = "Mouser"; VariantName = "[No Variations]"
Add component (AddParameter): Name = "Value"; Value = "0.6pF"; VariantName = "[No Variations]"
Added Component: Designator=C6(CAPC1608X90N)
Add component (AddParameter): Name = "LatestRevisionDate"; Value = "17-Jul-2002"; VariantName = "[No Variations]"
Add component (AddParameter): Name = "LatestRevisionNote"; Value = "Re-released for DXP Platform."; VariantName = "[No Variations]"
Add component (AddParameter): Name = "PackageDescription"; Value = "Polarized Capacitor; 2 Leads"; VariantName = "[No Variations]"
Add component (AddParameter): Name = "PackageReference"; Value = "POLAR0.8"; VariantName = "[No Variations]"
Add component (AddParameter): Name = "Published"; Value = "8-Jun-2000"; VariantName = "[No Variations]"
Add component (AddParameter): Name = "Publisher"; Value = "Altium Limited"; VariantName = "[No Variations]"
Add component (AddParameter): Name = "Supplier 1"; Value = "Mouser"; VariantName = "[No Variations]"
Add component (AddParameter): Name = "Value"; Value = "0.6pF"; VariantName = "[No Variations]"
Added Component: Designator=C7(CAPC1608X90N)
Add component (AddParameter): Name = "LatestRevisionDate"; Value = "17-Jul-2002"; VariantName = "[No Variations]"
Add component (AddParameter): Name = "LatestRevisionNote"; Value = "Re-released for DXP Platform."; VariantName = "[No Variations]"
Add component (AddParameter): Name = "PackageDescription"; Value = "Polarized Capacitor; 2 Leads"; VariantName = "[No Variations]"
Add component (AddParameter): Name = "PackageReference"; Value = "POLAR0.8"; VariantName = "[No Variations]"
Add component (AddParameter): Name = "Published"; Value = "8-Jun-2000"; VariantName = "[No Variations]"
Add component (AddParameter): Name = "Publisher"; Value = "Altium Limited"; VariantName = "[No Variations]"
Add component (AddParameter): Name = "Supplier 1"; Value = "Mouser"; VariantName = "[No Variations]"
Add component (AddParameter): Name = "Value"; Value = "0.6pF"; VariantName = "[No Variations]"
Added Component: Designator=C8(CAPC1608X90N)
Add component (AddParameter): Name = "LatestRevisionDate"; Value = "17-Jul-2002"; VariantName = "[No Variations]"
Add component (AddParameter): Name = "LatestRevisionNote"; Value = "Re-released for DXP Platform."; VariantName = "[No Variations]"
Add component (AddParameter): Name = "PackageDescription"; Value = "Polarized Capacitor; 2 Leads"; VariantName = "[No Variations]"
Add component (AddParameter): Name = "PackageReference"; Value = "POLAR0.8"; VariantName = "[No Variations]"
Add component (AddParameter): Name = "Published"; Value = "8-Jun-2000"; VariantName = "[No Variations]"
Add component (AddParameter): Name = "Publisher"; Value = "Altium Limited"; VariantName = "[No Variations]"
Add component (AddParameter): Name = "Supplier 1"; Value = "Mouser"; VariantName = "[No Variations]"
Add component (AddParameter): Name = "Value"; Value = "0.6pF"; VariantName = "[No Variations]"
Added Component: Designator=L2(INDC1608X100N)
Add component (AddParameter): Name = "Availability"; Value = "Unavailable"; VariantName = "[No Variations]"
Add component (AddParameter): Name = "MF"; Value = ""; VariantName = "[No Variations]"
Add component (AddParameter): Name = "MP"; Value = "LQW18AN18NJ00D"; VariantName = "[No Variations]"
Add component (AddParameter): Name = "Package"; Value = "None"; VariantName = "[No Variations]"
Add component (AddParameter): Name = "Parameter 1"; Value = "LQW0603"; VariantName = "[No Variations]"
Add component (AddParameter): Name = "Price"; Value = "None"; VariantName = "[No Variations]"
Add component (AddParameter): Name = "Value"; Value = "1nHy"; VariantName = "[No Variations]"
Added Component: Designator=L3(INDC1608X100N)
Add component (AddParameter): Name = "Availability"; Value = "Unavailable"; VariantName = "[No Variations]"
Add component (AddParameter): Name = "MF"; Value = ""; VariantName = "[No Variations]"
Add component (AddParameter): Name = "MP"; Value = "LQW18AN18NJ00D"; VariantName = "[No Variations]"
Add component (AddParameter): Name = "Package"; Value = "None"; VariantName = "[No Variations]"
Add component (AddParameter): Name = "Parameter 1"; Value = "LQW0603"; VariantName = "[No Variations]"
Add component (AddParameter): Name = "Price"; Value = "None"; VariantName = "[No Variations]"
Add component (AddParameter): Name = "Value"; Value = "1nHy"; VariantName = "[No Variations]"
Added Component: Designator=L4(INDC1608X100N)
Add component (AddParameter): Name = "Availability"; Value = "Unavailable"; VariantName = "[No Variations]"
Add component (AddParameter): Name = "MF"; Value = ""; VariantName = "[No Variations]"
Add component (AddParameter): Name = "MP"; Value = "LQW18AN18NJ00D"; VariantName = "[No Variations]"
Add component (AddParameter): Name = "Package"; Value = "None"; VariantName = "[No Variations]"
Add component (AddParameter): Name = "Parameter 1"; Value = "LQW0603"; VariantName = "[No Variations]"
Add component (AddParameter): Name = "Price"; Value = "None"; VariantName = "[No Variations]"
Add component (AddParameter): Name = "Value"; Value = "1nHy"; VariantName = "[No Variations]"
Added Component: Designator=L5(INDC1608X100N)
Add component (AddParameter): Name = "Availability"; Value = "Unavailable"; VariantName = "[No Variations]"
Add component (AddParameter): Name = "MF"; Value = ""; VariantName = "[No Variations]"
Add component (AddParameter): Name = "MP"; Value = "LQW18AN18NJ00D"; VariantName = "[No Variations]"
Add component (AddParameter): Name = "Package"; Value = "None"; VariantName = "[No Variations]"
Add component (AddParameter): Name = "Parameter 1"; Value = "LQW0603"; VariantName = "[No Variations]"
Add component (AddParameter): Name = "Price"; Value = "None"; VariantName = "[No Variations]"
Add component (AddParameter): Name = "Value"; Value = "1nHy"; VariantName = "[No Variations]"
Added Component: Designator=L6(INDC1608X100N)
Add component (AddParameter): Name = "Availability"; Value = "Unavailable"; VariantName = "[No Variations]"
Add component (AddParameter): Name = "MF"; Value = ""; VariantName = "[No Variations]"
Add component (AddParameter): Name = "MP"; Value = "LQW18AN18NJ00D"; VariantName = "[No Variations]"
Add component (AddParameter): Name = "Package"; Value = "None"; VariantName = "[No Variations]"
Add component (AddParameter): Name = "Parameter 1"; Value = "LQW0603"; VariantName = "[No Variations]"
Add component (AddParameter): Name = "Price"; Value = "None"; VariantName = "[No Variations]"
Add component (AddParameter): Name = "Value"; Value = "1nHy"; VariantName = "[No Variations]"
Added Component: Designator=L7(INDC1608X100N)
Add component (AddParameter): Name = "Availability"; Value = "Unavailable"; VariantName = "[No Variations]"
Add component (AddParameter): Name = "MF"; Value = ""; VariantName = "[No Variations]"
Add component (AddParameter): Name = "MP"; Value = "LQW18AN18NJ00D"; VariantName = "[No Variations]"
Add component (AddParameter): Name = "Package"; Value = "None"; VariantName = "[No Variations]"
Add component (AddParameter): Name = "Parameter 1"; Value = "LQW0603"; VariantName = "[No Variations]"
Add component (AddParameter): Name = "Price"; Value = "None"; VariantName = "[No Variations]"
Add component (AddParameter): Name = "Value"; Value = "1nHy"; VariantName = "[No Variations]"
Added Component: Designator=U1(SOT_327XTSA1_INF)
Add component (AddParameter): Name = "Mfr_Name"; Value = "Infineon"; VariantName = "[No Variations]"
Add component (AddParameter): Name = "RefDes"; Value = "RefDes"; VariantName = "[No Variations]"
Add component (AddParameter): Name = "Type"; Value = "Type"; VariantName = "[No Variations]"
Added Pin To Net: NetName=GND Pin=C5-1
Added Pin To Net: NetName=GND Pin=C6-1
Added Pin To Net: NetName=GND Pin=C7-1
Added Pin To Net: NetName=GND Pin=C8-1
Added Pin To Net: NetName=NetC1_1 Pin=L2-2
Added Pin To Net: NetName=NetC2_1 Pin=L3-2
Added Pin To Net: NetName=GND Pin=L4-2
Added Pin To Net: NetName=GND Pin=L6-1
Added Pin To Net: NetName=GND Pin=L7-1
Added Pin To Net: NetName=NetC2_1 Pin=P1-1
Added Pin To Net: NetName=NetC3_1 Pin=C3-1
Added Pin To Net: NetName=NetC3_1 Pin=C7-2
Added Pin To Net: NetName=NetC3_1 Pin=L2-1
Added Pin To Net: NetName=NetC3_1 Pin=P2-1
Added Net: Name=NetC3_1
Added Pin To Net: NetName=NetC3_2 Pin=C3-2
Added Pin To Net: NetName=NetC3_2 Pin=C4-1
Added Pin To Net: NetName=NetC3_2 Pin=L6-2
Added Net: Name=NetC3_2
Added Pin To Net: NetName=NetC4_2 Pin=C4-2
Added Pin To Net: NetName=NetC4_2 Pin=C8-2
Added Pin To Net: NetName=NetC4_2 Pin=L3-1
Added Pin To Net: NetName=NetC4_2 Pin=L7-2
Added Pin To Net: NetName=NetC4_2 Pin=U1-2
Added Net: Name=NetC4_2
Added Pin To Net: NetName=NetC5_2 Pin=C5-2
Added Pin To Net: NetName=NetC5_2 Pin=L5-1
Added Pin To Net: NetName=NetC5_2 Pin=U1-3
Added Net: Name=NetC5_2
Added Pin To Net: NetName=NetC6_2 Pin=C6-2
Added Pin To Net: NetName=NetC6_2 Pin=L5-2
Added Pin To Net: NetName=NetC6_2 Pin=P3-1
Added Net: Name=NetC6_2
Added Pin To Net: NetName=NetL4_1 Pin=L4-1
Added Pin To Net: NetName=NetL4_1 Pin=U1-1
Added Net: Name=NetL4_1
Change Class Name : Old Net Name=mixer_30mil_1GHz New Net Name=mixer_1GHz_rat_race_discreto
Added Member To Class: ClassName=mixer_1GHz_rat_race_discreto Member=Component C3 Cap 0603
Added Member To Class: ClassName=mixer_1GHz_rat_race_discreto Member=Component C4 Cap 0603
Added Member To Class: ClassName=mixer_1GHz_rat_race_discreto Member=Component C5 Cap 0603
Added Member To Class: ClassName=mixer_1GHz_rat_race_discreto Member=Component C6 Cap 0603
Added Member To Class: ClassName=mixer_1GHz_rat_race_discreto Member=Component C7 Cap 0603
Added Member To Class: ClassName=mixer_1GHz_rat_race_discreto Member=Component C8 Cap 0603
Added Member To Class: ClassName=mixer_1GHz_rat_race_discreto Member=Component L2 LQW18
Added Member To Class: ClassName=mixer_1GHz_rat_race_discreto Member=Component L3 LQW18
Added Member To Class: ClassName=mixer_1GHz_rat_race_discreto Member=Component L4 LQW18
Added Member To Class: ClassName=mixer_1GHz_rat_race_discreto Member=Component L5 LQW18
Added Member To Class: ClassName=mixer_1GHz_rat_race_discreto Member=Component L6 LQW18
Added Member To Class: ClassName=mixer_1GHz_rat_race_discreto Member=Component L7 LQW18
Added Member To Class: ClassName=mixer_1GHz_rat_race_discreto Member=Component U1 BAT1504W
Change Room Name: Old Name=mixer_30mil_1GHz New Name=mixer_1GHz_rat_race_discreto
Change Room Scope: Old Scope=InComponentClass('mixer_30mil_1GHz') New Scope=InComponentClass('mixer_1GHz_rat_race_discreto')
