Rule Info:
  dataDir:   	/home/karlk/ads10.daily/cellular_pamp/verification/rules/autorule/drc
  tech:   	autorule
  revision:   1
  dveType:    1
  status:     0
  lastLayerNum: 0
  lastRuleId: 3
  lastConnId: 0
  lastTypeId: 0
  errorCount: 0
  numImportLayers: 1
  numExportLayers: 1
  numOutputRules: 1
  currentRuleP: 3
          type:  width

  Category:  drc
    Rule id:  1
       type:  1:dve_import_layer
     status:  5
              RUL_RULE_IS_SYSTEM
              RUL_RULE_IS_DRC
     errorStatus:  0

      Parameters: 
      Parm 0:
       type:     OUTPUT_LAYER
       name:     NULL
       value:    
       layer id:          0
       layer name:        lyr_cond
       layer number:      1
       layer outputId:    0
       layer connId:      0
       layer refCount:    0
       layer drcRefCount: 2
       layer status:      5
       funcOperator:  0

      Parm 1:
       type:     LAYER
       name:     NULL
       value:    
       layer id:          1
       layer name:        cond
       layer number:      1
       layer outputId:    0
       layer connId:      0
       layer refCount:    0
       layer drcRefCount: 1
       layer status:      2
       funcOperator:  0

      Qualifiers: 

    Rule id:  2
       type:  2:dve_export_layer
     status:  5
              RUL_RULE_IS_SYSTEM
              RUL_RULE_IS_DRC
     errorStatus:  0

      Parameters: 
      Parm 0:
       type:     OUTPUT_LAYER
       name:     NULL
       value:    
       layer id:          2
       layer name:        error101
       layer number:      101
       layer outputId:    0
       layer connId:      0
       layer refCount:    0
       layer drcRefCount: 1
       layer status:      2
       funcOperator:  0

      Parm 1:
       type:     LAYER
       name:     NULL
       value:    
       layer id:          1
       layer name:        lyr_error
       layer number:      101
       layer outputId:    0
       layer connId:      0
       layer refCount:    0
       layer drcRefCount: 2
       layer status:      12
       funcOperator:  0

      Qualifiers: 

    Rule id:  3
       type:  37:width
     status:  692
              RUL_RULE_IS_DRC
              RUL_RULE_IS_EXPORT
              RUL_RULE_IS_NESTED
              RUL_RULE_IS_EDGE
              RUL_RULE_IS_WRITTEN
     errorStatus:  0

      Parameters: 
      Parm 0:
       type:     LAYER
       name:     NULL
       value:    
       layer id:          0
       layer name:        lyr_cond
       layer number:      1
       layer outputId:    0
       layer connId:      0
       layer refCount:    0
       layer drcRefCount: 2
       layer status:      5
       funcOperator:  0

      Parm 1:
       type:     DRC_OPERATOR
       name:     NULL
       value:    lt
       funcOperator:  9

      Parm 2:
       type:     DISTANCE
       name:     NULL
       value:    5.000000
       funcOperator:  0

      Parm 3:
       type:     OUTPUT_LAYER
       name:     NULL
       value:    
       layer id:          1
       layer name:        lyr_error
       layer number:      101
       layer outputId:    0
       layer connId:      0
       layer refCount:    0
       layer drcRefCount: 2
       layer status:      12
       funcOperator:  0

      Parm 4:
       type:     OUTPUT_MSG
       name:     NULL
       value:    Width of layer cond must be >= 5.00
       funcOperator:  0

      Qualifiers: 

  Category:  connectivity
  Category:  devices
  Category:  system
  Category:  messages
  Category:  neutral
  Category:  library
  Category:  analysis
  Category:  parameter
  Category:  correspondence
  Category:  netclass
  Category:  clustering
  Category:  signature
  Category:  control
System layers:
  Layers: 
    id:           0
    name:         default
    number:       0
    outputId:     0
    connId:       0
    refCount:     0
    drcRefCount:  0
    status:       2
              RUL_LAYER_IS_SYSTEM
    NULL

    id:           1
    name:         cond
    number:       1
    outputId:     0
    connId:       0
    refCount:     0
    drcRefCount:  1
    status:       2
              RUL_LAYER_IS_SYSTEM
    NULL

    id:           2
    name:         error101
    number:       101
    outputId:     0
    connId:       0
    refCount:     0
    drcRefCount:  1
    status:       2
              RUL_LAYER_IS_SYSTEM
    NULL

    id:           3
    name:         cond2
    number:       2
    outputId:     0
    connId:       0
    refCount:     0
    drcRefCount:  0
    status:       2
              RUL_LAYER_IS_SYSTEM
    NULL

    id:           4
    name:         resi
    number:       3
    outputId:     0
    connId:       0
    refCount:     0
    drcRefCount:  0
    status:       2
              RUL_LAYER_IS_SYSTEM
    NULL

    id:           5
    name:         diel
    number:       4
    outputId:     0
    connId:       0
    refCount:     0
    drcRefCount:  0
    status:       2
              RUL_LAYER_IS_SYSTEM
    NULL

    id:           6
    name:         diel2
    number:       12
    outputId:     0
    connId:       0
    refCount:     0
    drcRefCount:  0
    status:       2
              RUL_LAYER_IS_SYSTEM
    NULL

    id:           7
    name:         hole
    number:       5
    outputId:     0
    connId:       0
    refCount:     0
    drcRefCount:  0
    status:       2
              RUL_LAYER_IS_SYSTEM
    NULL

    id:           8
    name:         bond
    number:       6
    outputId:     0
    connId:       0
    refCount:     0
    drcRefCount:  0
    status:       2
              RUL_LAYER_IS_SYSTEM
    NULL

    id:           9
    name:         symbol
    number:       7
    outputId:     0
    connId:       0
    refCount:     0
    drcRefCount:  0
    status:       2
              RUL_LAYER_IS_SYSTEM
    NULL

    id:           10
    name:         text
    number:       8
    outputId:     0
    connId:       0
    refCount:     0
    drcRefCount:  0
    status:       2
              RUL_LAYER_IS_SYSTEM
    NULL

    id:           11
    name:         leads
    number:       9
    outputId:     0
    connId:       0
    refCount:     0
    drcRefCount:  0
    status:       2
              RUL_LAYER_IS_SYSTEM
    NULL

    id:           12
    name:         packages
    number:       10
    outputId:     0
    connId:       0
    refCount:     0
    drcRefCount:  0
    status:       2
              RUL_LAYER_IS_SYSTEM
    NULL

    id:           13
    name:         ports
    number:       11
    outputId:     0
    connId:       0
    refCount:     0
    drcRefCount:  0
    status:       2
              RUL_LAYER_IS_SYSTEM
    NULL

    id:           14
    name:         bound
    number:       13
    outputId:     0
    connId:       0
    refCount:     0
    drcRefCount:  0
    status:       2
              RUL_LAYER_IS_SYSTEM
    NULL

    id:           15
    name:         silk_screen
    number:       14
    outputId:     0
    connId:       0
    refCount:     0
    drcRefCount:  0
    status:       2
              RUL_LAYER_IS_SYSTEM
    NULL

    id:           16
    name:         silk_screen2
    number:       31
    outputId:     0
    connId:       0
    refCount:     0
    drcRefCount:  0
    status:       2
              RUL_LAYER_IS_SYSTEM
    NULL

    id:           17
    name:         case_dimensions
    number:       15
    outputId:     0
    connId:       0
    refCount:     0
    drcRefCount:  0
    status:       2
              RUL_LAYER_IS_SYSTEM
    NULL

    id:           18
    name:         pc1
    number:       16
    outputId:     0
    connId:       0
    refCount:     0
    drcRefCount:  0
    status:       2
              RUL_LAYER_IS_SYSTEM
    NULL

    id:           19
    name:         pc2
    number:       17
    outputId:     0
    connId:       0
    refCount:     0
    drcRefCount:  0
    status:       2
              RUL_LAYER_IS_SYSTEM
    NULL

    id:           20
    name:         pc3
    number:       18
    outputId:     0
    connId:       0
    refCount:     0
    drcRefCount:  0
    status:       2
              RUL_LAYER_IS_SYSTEM
    NULL

    id:           21
    name:         pc4
    number:       19
    outputId:     0
    connId:       0
    refCount:     0
    drcRefCount:  0
    status:       2
              RUL_LAYER_IS_SYSTEM
    NULL

    id:           22
    name:         pc5
    number:       20
    outputId:     0
    connId:       0
    refCount:     0
    drcRefCount:  0
    status:       2
              RUL_LAYER_IS_SYSTEM
    NULL

    id:           23
    name:         pc6
    number:       21
    outputId:     0
    connId:       0
    refCount:     0
    drcRefCount:  0
    status:       2
              RUL_LAYER_IS_SYSTEM
    NULL

    id:           24
    name:         pc7
    number:       22
    outputId:     0
    connId:       0
    refCount:     0
    drcRefCount:  0
    status:       2
              RUL_LAYER_IS_SYSTEM
    NULL

    id:           25
    name:         pc8
    number:       23
    outputId:     0
    connId:       0
    refCount:     0
    drcRefCount:  0
    status:       2
              RUL_LAYER_IS_SYSTEM
    NULL

    id:           26
    name:         pcvia1
    number:       24
    outputId:     0
    connId:       0
    refCount:     0
    drcRefCount:  0
    status:       2
              RUL_LAYER_IS_SYSTEM
    NULL

    id:           27
    name:         pcvia2
    number:       25
    outputId:     0
    connId:       0
    refCount:     0
    drcRefCount:  0
    status:       2
              RUL_LAYER_IS_SYSTEM
    NULL

    id:           28
    name:         pcvia3
    number:       26
    outputId:     0
    connId:       0
    refCount:     0
    drcRefCount:  0
    status:       2
              RUL_LAYER_IS_SYSTEM
    NULL

    id:           29
    name:         pcvia4
    number:       27
    outputId:     0
    connId:       0
    refCount:     0
    drcRefCount:  0
    status:       2
              RUL_LAYER_IS_SYSTEM
    NULL

    id:           30
    name:         pcvia5
    number:       28
    outputId:     0
    connId:       0
    refCount:     0
    drcRefCount:  0
    status:       2
              RUL_LAYER_IS_SYSTEM
    NULL

    id:           31
    name:         pcvia6
    number:       29
    outputId:     0
    connId:       0
    refCount:     0
    drcRefCount:  0
    status:       2
              RUL_LAYER_IS_SYSTEM
    NULL

    id:           32
    name:         pcvia7
    number:       30
    outputId:     0
    connId:       0
    refCount:     0
    drcRefCount:  0
    status:       2
              RUL_LAYER_IS_SYSTEM
    NULL

    id:           33
    name:         solder_mask
    number:       32
    outputId:     0
    connId:       0
    refCount:     0
    drcRefCount:  0
    status:       2
              RUL_LAYER_IS_SYSTEM
    NULL

    id:           34
    name:         IC_pin_number
    number:       33
    outputId:     0
    connId:       0
    refCount:     0
    drcRefCount:  0
    status:       2
              RUL_LAYER_IS_SYSTEM
    NULL

    id:           35
    name:         IC_pin1_marker
    number:       34
    outputId:     0
    connId:       0
    refCount:     0
    drcRefCount:  0
    status:       2
              RUL_LAYER_IS_SYSTEM
    NULL

    id:           36
    name:         hpeesof_region
    number:       35
    outputId:     0
    connId:       0
    refCount:     0
    drcRefCount:  0
    status:       2
              RUL_LAYER_IS_SYSTEM
    NULL

    id:           37
    name:         momentum_err
    number:       36
    outputId:     0
    connId:       0
    refCount:     0
    drcRefCount:  0
    status:       2
              RUL_LAYER_IS_SYSTEM
    NULL

    id:           38
    name:         momentum_box
    number:       37
    outputId:     0
    connId:       0
    refCount:     0
    drcRefCount:  0
    status:       2
              RUL_LAYER_IS_SYSTEM
    NULL

    id:           39
    name:         momentum_ref_offset
    number:       38
    outputId:     0
    connId:       0
    refCount:     0
    drcRefCount:  0
    status:       2
              RUL_LAYER_IS_SYSTEM
    NULL

Work layers:
  Layers: 
    id:           0
    name:         lyr_cond
    number:       1
    outputId:     0
    connId:       0
    refCount:     0
    drcRefCount:  2
    status:       5
              RUL_LAYER_IS_IMPORT
              RUL_LAYER_IS_WORK
    parentRuleP: 1

    id:           1
    name:         lyr_error
    number:       101
    outputId:     0
    connId:       0
    refCount:     0
    drcRefCount:  2
    status:       12
              RUL_LAYER_IS_WORK
              RUL_LAYER_IS_EXPORT
    parentRuleP: 2

Buffered layers:
Active edge layers:
  Errors: 
